# JRE version: Java(TM) SE Runtime Environment (8.0_131-b11) (build 1.8.0_131-b11)
# Java VM: Java HotSpot(TM) 64-Bit Server VM (25.131-b11 mixed mode windows-amd64 compressed oops)
Heap:
 PSYoungGen      total 117760K, used 33781K [0x00000000eab00000, 0x00000000f2c00000, 0x0000000100000000)
  eden space 104960K, 32% used [0x00000000eab00000,0x00000000ecbfd578,0x00000000f1180000)
  from space 12800K, 0% used [0x00000000f1180000,0x00000000f1180000,0x00000000f1e00000)
  to   space 11264K, 0% used [0x00000000f1e00000,0x00000000f1e00000,0x00000000f2900000)
 ParOldGen       total 51200K, used 24297K [0x00000000c0000000, 0x00000000c3200000, 0x00000000eab00000)
  object space 51200K, 47% used [0x00000000c0000000,0x00000000c17ba540,0x00000000c3200000)
 Metaspace       used 34924K, capacity 37378K, committed 37632K, reserved 1081344K
  class space    used 5040K, capacity 5253K, committed 5376K, reserved 1048576K
GC Heap History (10 events):
Event: 7.534 GC heap before
{Heap before GC invocations=7 (full 1):
 PSYoungGen      total 68608K, used 63488K [0x00000000eab00000, 0x00000000ef300000, 0x0000000100000000)
  eden space 63488K, 100% used [0x00000000eab00000,0x00000000ee900000,0x00000000ee900000)
  from space 5120K, 0% used [0x00000000ee900000,0x00000000ee900000,0x00000000eee00000)
  to   space 5120K, 0% used [0x00000000eee00000,0x00000000eee00000,0x00000000ef300000)
 ParOldGen       total 51200K, used 10644K [0x00000000c0000000, 0x00000000c3200000, 0x00000000eab00000)
  object space 51200K, 20% used [0x00000000c0000000,0x00000000c0a650a8,0x00000000c3200000)
 Metaspace       used 25741K, capacity 26210K, committed 26368K, reserved 1071104K
  class space    used 3608K, capacity 3723K, committed 3840K, reserved 1048576K
Event: 7.552 GC heap after
Heap after GC invocations=7 (full 1):
 PSYoungGen      total 62976K, used 5107K [0x00000000eab00000, 0x00000000f3400000, 0x0000000100000000)
  eden space 57856K, 0% used [0x00000000eab00000,0x00000000eab00000,0x00000000ee380000)
  from space 5120K, 99% used [0x00000000eee00000,0x00000000ef2fcca0,0x00000000ef300000)
  to   space 10752K, 0% used [0x00000000ee380000,0x00000000ee380000,0x00000000eee00000)
 ParOldGen       total 51200K, used 13526K [0x00000000c0000000, 0x00000000c3200000, 0x00000000eab00000)
  object space 51200K, 26% used [0x00000000c0000000,0x00000000c0d35a48,0x00000000c3200000)
 Metaspace       used 25741K, capacity 26210K, committed 26368K, reserved 1071104K
  class space    used 3608K, capacity 3723K, committed 3840K, reserved 1048576K
}
Event: 8.922 GC heap before
{Heap before GC invocations=8 (full 1):
 PSYoungGen      total 62976K, used 62963K [0x00000000eab00000, 0x00000000f3400000, 0x0000000100000000)
  eden space 57856K, 100% used [0x00000000eab00000,0x00000000ee380000,0x00000000ee380000)
  from space 5120K, 99% used [0x00000000eee00000,0x00000000ef2fcca0,0x00000000ef300000)
  to   space 10752K, 0% used [0x00000000ee380000,0x00000000ee380000,0x00000000eee00000)
 ParOldGen       total 51200K, used 13526K [0x00000000c0000000, 0x00000000c3200000, 0x00000000eab00000)
  object space 51200K, 26% used [0x00000000c0000000,0x00000000c0d35a48,0x00000000c3200000)
 Metaspace       used 29365K, capacity 29898K, committed 30208K, reserved 1075200K
  class space    used 4166K, capacity 4312K, committed 4352K, reserved 1048576K
Event: 8.931 GC heap after
Heap after GC invocations=8 (full 1):
 PSYoungGen      total 68608K, used 8568K [0x00000000eab00000, 0x00000000f2900000, 0x0000000100000000)
  eden space 57856K, 0% used [0x00000000eab00000,0x00000000eab00000,0x00000000ee380000)
  from space 10752K, 79% used [0x00000000ee380000,0x00000000eebde128,0x00000000eee00000)
  to   space 11264K, 0% used [0x00000000f1e00000,0x00000000f1e00000,0x00000000f2900000)
 ParOldGen       total 51200K, used 13534K [0x00000000c0000000, 0x00000000c3200000, 0x00000000eab00000)
  object space 51200K, 26% used [0x00000000c0000000,0x00000000c0d37a48,0x00000000c3200000)
 Metaspace       used 29365K, capacity 29898K, committed 30208K, reserved 1075200K
  class space    used 4166K, capacity 4312K, committed 4352K, reserved 1048576K
}
Event: 9.895 GC heap before
{Heap before GC invocations=9 (full 1):
 PSYoungGen      total 68608K, used 66424K [0x00000000eab00000, 0x00000000f2900000, 0x0000000100000000)
  eden space 57856K, 100% used [0x00000000eab00000,0x00000000ee380000,0x00000000ee380000)
  from space 10752K, 79% used [0x00000000ee380000,0x00000000eebde128,0x00000000eee00000)
  to   space 11264K, 0% used [0x00000000f1e00000,0x00000000f1e00000,0x00000000f2900000)
 ParOldGen       total 51200K, used 13534K [0x00000000c0000000, 0x00000000c3200000, 0x00000000eab00000)
  object space 51200K, 26% used [0x00000000c0000000,0x00000000c0d37a48,0x00000000c3200000)
 Metaspace       used 32397K, capacity 33020K, committed 33280K, reserved 1077248K
  class space    used 4665K, capacity 4828K, committed 4864K, reserved 1048576K
Event: 9.954 GC heap after
Heap after GC invocations=9 (full 1):
 PSYoungGen      total 116224K, used 10986K [0x00000000eab00000, 0x00000000f2c00000, 0x0000000100000000)
  eden space 104960K, 0% used [0x00000000eab00000,0x00000000eab00000,0x00000000f1180000)
  from space 11264K, 97% used [0x00000000f1e00000,0x00000000f28baa18,0x00000000f2900000)
  to   space 12800K, 0% used [0x00000000f1180000,0x00000000f1180000,0x00000000f1e00000)
 ParOldGen       total 51200K, used 13542K [0x00000000c0000000, 0x00000000c3200000, 0x00000000eab00000)
  object space 51200K, 26% used [0x00000000c0000000,0x00000000c0d39a48,0x00000000c3200000)
 Metaspace       used 32397K, capacity 33020K, committed 33280K, reserved 1077248K
  class space    used 4665K, capacity 4828K, committed 4864K, reserved 1048576K
}
Event: 13.829 GC heap before
{Heap before GC invocations=10 (full 1):
 PSYoungGen      total 116224K, used 47237K [0x00000000eab00000, 0x00000000f2c00000, 0x0000000100000000)
  eden space 104960K, 34% used [0x00000000eab00000,0x00000000ece66d60,0x00000000f1180000)
  from space 11264K, 97% used [0x00000000f1e00000,0x00000000f28baa18,0x00000000f2900000)
  to   space 12800K, 0% used [0x00000000f1180000,0x00000000f1180000,0x00000000f1e00000)
 ParOldGen       total 51200K, used 13542K [0x00000000c0000000, 0x00000000c3200000, 0x00000000eab00000)
  object space 51200K, 26% used [0x00000000c0000000,0x00000000c0d39a48,0x00000000c3200000)
 Metaspace       used 33568K, capacity 35254K, committed 35416K, reserved 1079296K
  class space    used 4851K, capacity 5020K, committed 5120K, reserved 1048576K
Event: 13.865 GC heap after
Heap after GC invocations=10 (full 1):
 PSYoungGen      total 117760K, used 12784K [0x00000000eab00000, 0x00000000f2c00000, 0x0000000100000000)
  eden space 104960K, 0% used [0x00000000eab00000,0x00000000eab00000,0x00000000f1180000)
  from space 12800K, 99% used [0x00000000f1180000,0x00000000f1dfc050,0x00000000f1e00000)
  to   space 11264K, 0% used [0x00000000f1e00000,0x00000000f1e00000,0x00000000f2900000)
 ParOldGen       total 51200K, used 18304K [0x00000000c0000000, 0x00000000c3200000, 0x00000000eab00000)
  object space 51200K, 35% used [0x00000000c0000000,0x00000000c11e0330,0x00000000c3200000)
 Metaspace       used 33568K, capacity 35254K, committed 35416K, reserved 1079296K
  class space    used 4851K, capacity 5020K, committed 5120K, reserved 1048576K
}
Event: 13.865 GC heap before
{Heap before GC invocations=11 (full 2):
 PSYoungGen      total 117760K, used 12784K [0x00000000eab00000, 0x00000000f2c00000, 0x0000000100000000)
  eden space 104960K, 0% used [0x00000000eab00000,0x00000000eab00000,0x00000000f1180000)
  from space 12800K, 99% used [0x00000000f1180000,0x00000000f1dfc050,0x00000000f1e00000)
  to   space 11264K, 0% used [0x00000000f1e00000,0x00000000f1e00000,0x00000000f2900000)
 ParOldGen       total 51200K, used 18304K [0x00000000c0000000, 0x00000000c3200000, 0x00000000eab00000)
  object space 51200K, 35% used [0x00000000c0000000,0x00000000c11e0330,0x00000000c3200000)
 Metaspace       used 33568K, capacity 35254K, committed 35416K, reserved 1079296K
  class space    used 4851K, capacity 5020K, committed 5120K, reserved 1048576K
Event: 14.065 GC heap after
Heap after GC invocations=11 (full 2):
 PSYoungGen      total 117760K, used 0K [0x00000000eab00000, 0x00000000f2c00000, 0x0000000100000000)
  eden space 104960K, 0% used [0x00000000eab00000,0x00000000eab00000,0x00000000f1180000)
  from space 12800K, 0% used [0x00000000f1180000,0x00000000f1180000,0x00000000f1e00000)
  to   space 11264K, 0% used [0x00000000f1e00000,0x00000000f1e00000,0x00000000f2900000)
 ParOldGen       total 51200K, used 24297K [0x00000000c0000000, 0x00000000c3200000, 0x00000000eab00000)
  object space 51200K, 47% used [0x00000000c0000000,0x00000000c17ba540,0x00000000c3200000)
 Metaspace       used 33568K, capacity 35254K, committed 35416K, reserved 1079296K
  class space    used 4851K, capacity 5020K, committed 5120K, reserved 1048576K
}

