# JRE version: Java(TM) SE Runtime Environment (8.0_131-b11) (build 1.8.0_131-b11)
# Java VM: Java HotSpot(TM) 64-Bit Server VM (25.131-b11 mixed mode windows-amd64 compressed oops)
Heap:
 PSYoungGen      total 219136K, used 38610K [0x00000000eab00000, 0x00000000fce80000, 0x0000000100000000)
  eden space 201728K, 15% used [0x00000000eab00000,0x00000000ec9d7270,0x00000000f7000000)
  from space 17408K, 40% used [0x00000000f7000000,0x00000000f76dd758,0x00000000f8100000)
  to   space 16896K, 0% used [0x00000000fbe00000,0x00000000fbe00000,0x00000000fce80000)
 ParOldGen       total 77824K, used 48826K [0x00000000c0000000, 0x00000000c4c00000, 0x00000000eab00000)
  object space 77824K, 62% used [0x00000000c0000000,0x00000000c2faea80,0x00000000c4c00000)
 Metaspace       used 52189K, capacity 55844K, committed 56064K, reserved 1097728K
  class space    used 7023K, capacity 7339K, committed 7424K, reserved 1048576K
GC Heap History (10 events):
Event: 9.635 GC heap before
{Heap before GC invocations=11 (full 2):
 PSYoungGen      total 117760K, used 11248K [0x00000000eab00000, 0x00000000f6000000, 0x0000000100000000)
  eden space 106496K, 0% used [0x00000000eab00000,0x00000000eab00000,0x00000000f1300000)
  from space 11264K, 99% used [0x00000000f1300000,0x00000000f1dfc030,0x00000000f1e00000)
  to   space 15360K, 0% used [0x00000000f5100000,0x00000000f5100000,0x00000000f6000000)
 ParOldGen       total 51712K, used 17545K [0x00000000c0000000, 0x00000000c3280000, 0x00000000eab00000)
  object space 51712K, 33% used [0x00000000c0000000,0x00000000c11227e0,0x00000000c3280000)
 Metaspace       used 33734K, capacity 35266K, committed 35416K, reserved 1079296K
  class space    used 4874K, capacity 5028K, committed 5120K, reserved 1048576K
Event: 9.830 GC heap after
Heap after GC invocations=11 (full 2):
 PSYoungGen      total 117760K, used 0K [0x00000000eab00000, 0x00000000f6000000, 0x0000000100000000)
  eden space 106496K, 0% used [0x00000000eab00000,0x00000000eab00000,0x00000000f1300000)
  from space 11264K, 0% used [0x00000000f1300000,0x00000000f1300000,0x00000000f1e00000)
  to   space 15360K, 0% used [0x00000000f5100000,0x00000000f5100000,0x00000000f6000000)
 ParOldGen       total 77824K, used 24768K [0x00000000c0000000, 0x00000000c4c00000, 0x00000000eab00000)
  object space 77824K, 31% used [0x00000000c0000000,0x00000000c1830220,0x00000000c4c00000)
 Metaspace       used 33734K, capacity 35266K, committed 35416K, reserved 1079296K
  class space    used 4874K, capacity 5028K, committed 5120K, reserved 1048576K
}
Event: 14.383 GC heap before
{Heap before GC invocations=12 (full 2):
 PSYoungGen      total 117760K, used 106496K [0x00000000eab00000, 0x00000000f6000000, 0x0000000100000000)
  eden space 106496K, 100% used [0x00000000eab00000,0x00000000f1300000,0x00000000f1300000)
  from space 11264K, 0% used [0x00000000f1300000,0x00000000f1300000,0x00000000f1e00000)
  to   space 15360K, 0% used [0x00000000f5100000,0x00000000f5100000,0x00000000f6000000)
 ParOldGen       total 77824K, used 24768K [0x00000000c0000000, 0x00000000c4c00000, 0x00000000eab00000)
  object space 77824K, 31% used [0x00000000c0000000,0x00000000c1830220,0x00000000c4c00000)
 Metaspace       used 39934K, capacity 43122K, committed 43264K, reserved 1087488K
  class space    used 5653K, capacity 5864K, committed 5888K, reserved 1048576K
Event: 14.436 GC heap after
Heap after GC invocations=12 (full 2):
 PSYoungGen      total 163840K, used 15338K [0x00000000eab00000, 0x00000000f6000000, 0x0000000100000000)
  eden space 148480K, 0% used [0x00000000eab00000,0x00000000eab00000,0x00000000f3c00000)
  from space 15360K, 99% used [0x00000000f5100000,0x00000000f5ffa848,0x00000000f6000000)
  to   space 17920K, 0% used [0x00000000f3d00000,0x00000000f3d00000,0x00000000f4e80000)
 ParOldGen       total 77824K, used 25763K [0x00000000c0000000, 0x00000000c4c00000, 0x00000000eab00000)
  object space 77824K, 33% used [0x00000000c0000000,0x00000000c1928f38,0x00000000c4c00000)
 Metaspace       used 39934K, capacity 43122K, committed 43264K, reserved 1087488K
  class space    used 5653K, capacity 5864K, committed 5888K, reserved 1048576K
}
Event: 17.711 GC heap before
{Heap before GC invocations=13 (full 2):
 PSYoungGen      total 163840K, used 163818K [0x00000000eab00000, 0x00000000f6000000, 0x0000000100000000)
  eden space 148480K, 100% used [0x00000000eab00000,0x00000000f3c00000,0x00000000f3c00000)
  from space 15360K, 99% used [0x00000000f5100000,0x00000000f5ffa848,0x00000000f6000000)
  to   space 17920K, 0% used [0x00000000f3d00000,0x00000000f3d00000,0x00000000f4e80000)
 ParOldGen       total 77824K, used 25763K [0x00000000c0000000, 0x00000000c4c00000, 0x00000000eab00000)
  object space 77824K, 33% used [0x00000000c0000000,0x00000000c1928f38,0x00000000c4c00000)
 Metaspace       used 47299K, capacity 50634K, committed 50944K, reserved 1093632K
  class space    used 6563K, capacity 6832K, committed 6912K, reserved 1048576K
Event: 17.740 GC heap after
Heap after GC invocations=13 (full 2):
 PSYoungGen      total 167424K, used 11449K [0x00000000eab00000, 0x00000000f9300000, 0x0000000100000000)
  eden space 149504K, 0% used [0x00000000eab00000,0x00000000eab00000,0x00000000f3d00000)
  from space 17920K, 63% used [0x00000000f3d00000,0x00000000f482e698,0x00000000f4e80000)
  to   space 17920K, 0% used [0x00000000f8180000,0x00000000f8180000,0x00000000f9300000)
 ParOldGen       total 77824K, used 37680K [0x00000000c0000000, 0x00000000c4c00000, 0x00000000eab00000)
  object space 77824K, 48% used [0x00000000c0000000,0x00000000c24cc198,0x00000000c4c00000)
 Metaspace       used 47299K, capacity 50634K, committed 50944K, reserved 1093632K
  class space    used 6563K, capacity 6832K, committed 6912K, reserved 1048576K
}
Event: 19.336 GC heap before
{Heap before GC invocations=14 (full 2):
 PSYoungGen      total 167424K, used 160953K [0x00000000eab00000, 0x00000000f9300000, 0x0000000100000000)
  eden space 149504K, 100% used [0x00000000eab00000,0x00000000f3d00000,0x00000000f3d00000)
  from space 17920K, 63% used [0x00000000f3d00000,0x00000000f482e698,0x00000000f4e80000)
  to   space 17920K, 0% used [0x00000000f8180000,0x00000000f8180000,0x00000000f9300000)
 ParOldGen       total 77824K, used 37680K [0x00000000c0000000, 0x00000000c4c00000, 0x00000000eab00000)
  object space 77824K, 48% used [0x00000000c0000000,0x00000000c24cc198,0x00000000c4c00000)
 Metaspace       used 48991K, capacity 52460K, committed 52608K, reserved 1095680K
  class space    used 6727K, capacity 7020K, committed 7040K, reserved 1048576K
Event: 19.393 GC heap after
Heap after GC invocations=14 (full 2):
 PSYoungGen      total 218624K, used 6457K [0x00000000eab00000, 0x00000000f9200000, 0x0000000100000000)
  eden space 201728K, 0% used [0x00000000eab00000,0x00000000eab00000,0x00000000f7000000)
  from space 16896K, 38% used [0x00000000f8180000,0x00000000f87ce6e8,0x00000000f9200000)
  to   space 17408K, 0% used [0x00000000f7000000,0x00000000f7000000,0x00000000f8100000)
 ParOldGen       total 77824K, used 46101K [0x00000000c0000000, 0x00000000c4c00000, 0x00000000eab00000)
  object space 77824K, 59% used [0x00000000c0000000,0x00000000c2d056f0,0x00000000c4c00000)
 Metaspace       used 48991K, capacity 52460K, committed 52608K, reserved 1095680K
  class space    used 6727K, capacity 7020K, committed 7040K, reserved 1048576K
}
Event: 23.702 GC heap before
{Heap before GC invocations=15 (full 2):
 PSYoungGen      total 218624K, used 208185K [0x00000000eab00000, 0x00000000f9200000, 0x0000000100000000)
  eden space 201728K, 100% used [0x00000000eab00000,0x00000000f7000000,0x00000000f7000000)
  from space 16896K, 38% used [0x00000000f8180000,0x00000000f87ce6e8,0x00000000f9200000)
  to   space 17408K, 0% used [0x00000000f7000000,0x00000000f7000000,0x00000000f8100000)
 ParOldGen       total 77824K, used 46101K [0x00000000c0000000, 0x00000000c4c00000, 0x00000000eab00000)
  object space 77824K, 59% used [0x00000000c0000000,0x00000000c2d056f0,0x00000000c4c00000)
 Metaspace       used 52119K, capacity 55692K, committed 55808K, reserved 1097728K
  class space    used 7020K, capacity 7335K, committed 7424K, reserved 1048576K
Event: 23.723 GC heap after
Heap after GC invocations=15 (full 2):
 PSYoungGen      total 219136K, used 7029K [0x00000000eab00000, 0x00000000fce80000, 0x0000000100000000)
  eden space 201728K, 0% used [0x00000000eab00000,0x00000000eab00000,0x00000000f7000000)
  from space 17408K, 40% used [0x00000000f7000000,0x00000000f76dd758,0x00000000f8100000)
  to   space 16896K, 0% used [0x00000000fbe00000,0x00000000fbe00000,0x00000000fce80000)
 ParOldGen       total 77824K, used 48826K [0x00000000c0000000, 0x00000000c4c00000, 0x00000000eab00000)
  object space 77824K, 62% used [0x00000000c0000000,0x00000000c2faea80,0x00000000c4c00000)
 Metaspace       used 52119K, capacity 55692K, committed 55808K, reserved 1097728K
  class space    used 7020K, capacity 7335K, committed 7424K, reserved 1048576K
}

